[debug] > Exec(early(addDefaultCommands), None, None)
[debug] > Exec(addDefaultCommands, None, None)
[debug] > Exec(early(initialize), None, None)
[debug] > Exec(initialize, None, None)
[debug] > Exec(boot, None, None)
[debug] > Exec(writeSbtVersion, None, None)
[debug] > Exec(reload, None, None)
[debug] > Exec(sbtStashOnFailure, None, None)
[debug] > Exec(onFailure loadFailed, None, None)
[debug] > Exec(loadp, None, None)
[info] welcome to sbt 1.8.0 (Oracle Corporation Java 20.0.1)
[debug]       Load.loadUnit: plugins took 80.8367ms
[debug]       Load.loadUnit: defsScala took 0.2757ms
[debug] [Loading] Scanning directory C:\Users\oliveirmic\.sbt\1.0\plugins
[debug] [Loading] Found non-root projects 
[debug] [Loading] Done in C:\Users\oliveirmic\.sbt\1.0\plugins, returning: ()
[debug] deducing auto plugins based on known facts Set(Atom(sbt.plugins.CorePlugin)) and clauses Clauses(Clause(Atom(sbt.plugins.JvmPlugin),Set(Atom(sbt.plugins.IvyPlugin)))
[debug] Clause(Atom(sbt.ScriptedPlugin),Set(Atom(sbt.plugins.JvmPlugin)))
[debug] Clause(Atom(sbt.plugins.SbtPlugin),Set(Atom(sbt.ScriptedPlugin)))
[debug] Clause(Atom(sbt.plugins.SemanticdbPlugin),Set(Atom(sbt.plugins.JvmPlugin)))
[debug] Clause(Atom(sbt.plugins.JUnitXmlReportPlugin),Set(Atom(sbt.plugins.JvmPlugin)))
[debug] Clause(Atom(sbt.plugins.MiniDependencyTreePlugin),Set(Atom(sbt.plugins.JvmPlugin)))
[debug] Clause(Atom(sbt.plugins.CorePlugin),Set(Atom(sbt.plugins.IvyPlugin)))
[debug] Clause(Atom(sbt.plugins.IvyPlugin),Set(Atom(sbt.plugins.JvmPlugin)))
[debug] Clause(Atom(sbt.plugins.JvmPlugin),Set(Atom(sbt.plugins.SemanticdbPlugin)))
[debug] Clause(Atom(sbt.plugins.JvmPlugin),Set(Atom(sbt.plugins.JUnitXmlReportPlugin)))
[debug] Clause(Atom(sbt.plugins.CorePlugin),Set(Atom(sbt.plugins.Giter8TemplatePlugin)))
[debug] Clause(Atom(sbt.plugins.JvmPlugin),Set(Atom(sbt.plugins.MiniDependencyTreePlugin))))
[debug]   :: deduced result: Matched(sbt.plugins.CorePlugin,sbt.plugins.Giter8TemplatePlugin,sbt.plugins.IvyPlugin,sbt.plugins.JvmPlugin,sbt.plugins.MiniDependencyTreePlugin,sbt.plugins.JUnitXmlReportPlugin,sbt.plugins.SemanticdbPlugin)
[debug] Plugins.deducer#function took 20.72 ms
[debug]           Load.resolveProject(global-plugins) took 58.7671ms
[debug]         Load.loadTransitive: finalizeProject(Project(id global-plugins, base: C:\Users\oliveirmic\.sbt\1.0\plugins, plugins: List(<none>))) took 101.8191ms
[debug] [Loading] Done in C:\Users\oliveirmic\.sbt\1.0\plugins, returning: (global-plugins)
[debug]       Load.loadUnit: loadedProjectsRaw took 132.0729ms
[debug]       Load.loadUnit: cleanEvalClasses took 0.2472ms
[debug]     Load.loadUnit(file:/C:/Users/oliveirmic/.sbt/1.0/plugins/, ...) took 222.5728ms
[debug]   Load.apply: load took 393.3392ms
[debug]   Load.apply: resolveProjects took 6.9477ms
[debug]   Load.apply: finalTransforms took 57.7474ms
[debug]   Load.apply: config.delegates took 5.7029ms
[debug]   Load.apply: Def.make(settings)... took 305.4829ms
[debug]   Load.apply: structureIndex took 76.5359ms
[debug]   Load.apply: mkStreams took 2.0865ms
[info] loading global plugins from C:\Users\oliveirmic\.sbt\1.0\plugins
[debug] Running task... Cancel: Signal, check cycles: false, forcegc: true
[debug] Load.defaultLoad until apply took 1744.7055ms
[debug]           Load.loadUnit: plugins took 16.9093ms
[debug]           Load.loadUnit: defsScala took 0.0026ms
[debug] [Loading] Scanning directory C:\Desenvolvimento\bireme\ZBMedPrePrints\project
[debug] [Loading] Found non-root projects 
[debug] [Loading] Done in C:\Desenvolvimento\bireme\ZBMedPrePrints\project, returning: ()
[debug] deducing auto plugins based on known facts Set(Atom(sbt.plugins.CorePlugin)) and clauses Clauses(Clause(Atom(sbt.plugins.JvmPlugin),Set(Atom(sbt.plugins.IvyPlugin)))
[debug] Clause(Atom(sbt.ScriptedPlugin),Set(Atom(sbt.plugins.JvmPlugin)))
[debug] Clause(Atom(sbt.plugins.SbtPlugin),Set(Atom(sbt.ScriptedPlugin)))
[debug] Clause(Atom(sbt.plugins.SemanticdbPlugin),Set(Atom(sbt.plugins.JvmPlugin)))
[debug] Clause(Atom(sbt.plugins.JUnitXmlReportPlugin),Set(Atom(sbt.plugins.JvmPlugin)))
[debug] Clause(Atom(sbt.plugins.MiniDependencyTreePlugin),Set(Atom(sbt.plugins.JvmPlugin)))
[debug] Clause(Atom(sbt.plugins.CorePlugin),Set(Atom(sbt.plugins.IvyPlugin)))
[debug] Clause(Atom(sbt.plugins.IvyPlugin),Set(Atom(sbt.plugins.JvmPlugin)))
[debug] Clause(Atom(sbt.plugins.JvmPlugin),Set(Atom(sbt.plugins.SemanticdbPlugin)))
[debug] Clause(Atom(sbt.plugins.JvmPlugin),Set(Atom(sbt.plugins.JUnitXmlReportPlugin)))
[debug] Clause(Atom(sbt.plugins.CorePlugin),Set(Atom(sbt.plugins.Giter8TemplatePlugin)))
[debug] Clause(Atom(sbt.plugins.JvmPlugin),Set(Atom(sbt.plugins.MiniDependencyTreePlugin))))
[debug]   :: deduced result: Matched(sbt.plugins.CorePlugin,sbt.plugins.Giter8TemplatePlugin,sbt.plugins.IvyPlugin,sbt.plugins.JvmPlugin,sbt.plugins.MiniDependencyTreePlugin,sbt.plugins.JUnitXmlReportPlugin,sbt.plugins.SemanticdbPlugin)
[debug] Plugins.deducer#function took 1.6692 ms
[debug]               Load.resolveProject(zbmedpreprints-build) took 0.8398ms
[debug]             Load.loadTransitive: finalizeProject(Project(id zbmedpreprints-build, base: C:\Desenvolvimento\bireme\ZBMedPrePrints\project, plugins: List(<none>))) took 2.8267ms
[debug] [Loading] Done in C:\Desenvolvimento\bireme\ZBMedPrePrints\project, returning: (zbmedpreprints-build)
[debug]           Load.loadUnit: loadedProjectsRaw took 4.4131ms
[debug]           Load.loadUnit: cleanEvalClasses took 0.0073ms
[debug]         Load.loadUnit(file:/C:/Desenvolvimento/bireme/ZBMedPrePrints/project/, ...) took 21.9185ms
[debug]       Load.apply: load took 23.0935ms
[debug]       Load.apply: resolveProjects took 0.107ms
[debug]       Load.apply: finalTransforms took 7.1389ms
[debug]       Load.apply: config.delegates took 0.2715ms
[debug]       Load.apply: Def.make(settings)... took 53.2438ms
[debug]       Load.apply: structureIndex took 21.3038ms
[debug]       Load.apply: mkStreams took 0.0017ms
[info] loading project definition from C:\Desenvolvimento\bireme\ZBMedPrePrints\project
[debug] Running task... Cancel: Signal, check cycles: false, forcegc: true
[debug]     Load.loadUnit: plugins took 283.8833ms
[debug]     Load.loadUnit: defsScala took 0.0029ms
[debug] [Loading] Scanning directory C:\Desenvolvimento\bireme\ZBMedPrePrints
[debug]       Load.loadUnit: mkEval took 3.4943ms
[debug] [Loading] Found root project root w/ remaining 
[debug] deducing auto plugins based on known facts Set(Atom(sbt.plugins.CorePlugin)) and clauses Clauses(Clause(Atom(sbt.plugins.JvmPlugin),Set(Atom(sbt.plugins.IvyPlugin)))
[debug] Clause(Atom(sbt.ScriptedPlugin),Set(Atom(sbt.plugins.JvmPlugin)))
[debug] Clause(Atom(sbt.plugins.SbtPlugin),Set(Atom(sbt.ScriptedPlugin)))
[debug] Clause(Atom(sbt.plugins.SemanticdbPlugin),Set(Atom(sbt.plugins.JvmPlugin)))
[debug] Clause(Atom(sbt.plugins.JUnitXmlReportPlugin),Set(Atom(sbt.plugins.JvmPlugin)))
[debug] Clause(Atom(sbt.plugins.MiniDependencyTreePlugin),Set(Atom(sbt.plugins.JvmPlugin)))
[debug] Clause(Atom(sbt.plugins.CorePlugin),Set(Atom(sbt.plugins.IvyPlugin)))
[debug] Clause(Atom(sbt.plugins.IvyPlugin),Set(Atom(sbt.plugins.JvmPlugin)))
[debug] Clause(Atom(sbt.plugins.JvmPlugin),Set(Atom(sbt.plugins.SemanticdbPlugin)))
[debug] Clause(Atom(sbt.plugins.JvmPlugin),Set(Atom(sbt.plugins.JUnitXmlReportPlugin)))
[debug] Clause(Atom(sbt.plugins.CorePlugin),Set(Atom(sbt.plugins.Giter8TemplatePlugin)))
[debug] Clause(Atom(sbt.plugins.JvmPlugin),Set(Atom(sbt.plugins.MiniDependencyTreePlugin))))
[debug]   :: deduced result: Matched(sbt.plugins.CorePlugin,sbt.plugins.Giter8TemplatePlugin,sbt.plugins.IvyPlugin,sbt.plugins.JvmPlugin,sbt.plugins.MiniDependencyTreePlugin,sbt.plugins.JUnitXmlReportPlugin,sbt.plugins.SemanticdbPlugin)
[debug] Plugins.deducer#function took 1.1889 ms
[info] loading settings for project root from build.sbt ...
[debug]         Load.resolveProject(root) took 2.2399ms
[debug]       Load.loadTransitive: finalizeProject(Project(id root, base: C:\Desenvolvimento\bireme\ZBMedPrePrints, plugins: List(<none>))) took 4.2243ms
[debug] [Loading] Done in C:\Desenvolvimento\bireme\ZBMedPrePrints, returning: (root)
[debug]     Load.loadUnit: loadedProjectsRaw took 140.6628ms
[debug]     Load.loadUnit: cleanEvalClasses took 7.9073ms
[debug]   Load.loadUnit(file:/C:/Desenvolvimento/bireme/ZBMedPrePrints/, ...) took 433.1183ms
[debug] Load.apply: load took 434.4246ms
[debug] Load.apply: resolveProjects took 0.0952ms
[debug] Load.apply: finalTransforms took 7.3974ms
[debug] Load.apply: config.delegates took 0.2753ms
[debug] Load.apply: Def.make(settings)... took 43.0779ms
[debug] Load.apply: structureIndex took 22.0497ms
[debug] Load.apply: mkStreams took 0.0022ms
[info] set current project to ZBMedPrePrints (in build file:/C:/Desenvolvimento/bireme/ZBMedPrePrints/)
[debug] > Exec(sbtPopOnFailure, None, None)
[debug] > Exec(resumeFromFailure, None, None)
[debug] > Exec(notifyUsersAboutShell, None, None)
[debug] > Exec(iflast shell, None, None)
[debug] > Exec(runMain org.bireme.processing.extractLoad.ZBMedPre2Mongo -database:ZBMEDPPRINTT -collection:preprintsfullT --reset -fromDate:2023-08-15 -host:localhost --importByMonth, None, None)
[debug] Evaluating tasks: Compile / runMain
[debug] Running task... Cancel: Signal, check cycles: false, forcegc: true
