[debug] > Exec(early(addDefaultCommands), None, None)
[debug] > Exec(addDefaultCommands, None, None)
[debug] > Exec(early(initialize), None, None)
[debug] > Exec(initialize, None, None)
[debug] > Exec(boot, None, None)
[debug] > Exec(writeSbtVersion, None, None)
[debug] > Exec(reload, None, None)
[debug] > Exec(sbtStashOnFailure, None, None)
[debug] > Exec(onFailure loadFailed, None, None)
[debug] > Exec(loadp, None, None)
[info] welcome to sbt 1.8.0 (Oracle Corporation Java 20.0.1)
[debug]       Load.loadUnit: plugins took 80.506ms
[debug]       Load.loadUnit: defsScala took 0.4555ms
[debug] [Loading] Scanning directory C:\Users\oliveirmic\.sbt\1.0\plugins
[debug] [Loading] Found non-root projects 
[debug] [Loading] Done in C:\Users\oliveirmic\.sbt\1.0\plugins, returning: ()
[debug] deducing auto plugins based on known facts Set(Atom(sbt.plugins.CorePlugin)) and clauses Clauses(Clause(Atom(sbt.plugins.JvmPlugin),Set(Atom(sbt.plugins.IvyPlugin)))
[debug] Clause(Atom(sbt.ScriptedPlugin),Set(Atom(sbt.plugins.JvmPlugin)))
[debug] Clause(Atom(sbt.plugins.SbtPlugin),Set(Atom(sbt.ScriptedPlugin)))
[debug] Clause(Atom(sbt.plugins.SemanticdbPlugin),Set(Atom(sbt.plugins.JvmPlugin)))
[debug] Clause(Atom(sbt.plugins.JUnitXmlReportPlugin),Set(Atom(sbt.plugins.JvmPlugin)))
[debug] Clause(Atom(sbt.plugins.MiniDependencyTreePlugin),Set(Atom(sbt.plugins.JvmPlugin)))
[debug] Clause(Atom(sbt.plugins.CorePlugin),Set(Atom(sbt.plugins.IvyPlugin)))
[debug] Clause(Atom(sbt.plugins.IvyPlugin),Set(Atom(sbt.plugins.JvmPlugin)))
[debug] Clause(Atom(sbt.plugins.JvmPlugin),Set(Atom(sbt.plugins.SemanticdbPlugin)))
[debug] Clause(Atom(sbt.plugins.JvmPlugin),Set(Atom(sbt.plugins.JUnitXmlReportPlugin)))
[debug] Clause(Atom(sbt.plugins.CorePlugin),Set(Atom(sbt.plugins.Giter8TemplatePlugin)))
[debug] Clause(Atom(sbt.plugins.JvmPlugin),Set(Atom(sbt.plugins.MiniDependencyTreePlugin))))
[debug]   :: deduced result: Matched(sbt.plugins.CorePlugin,sbt.plugins.Giter8TemplatePlugin,sbt.plugins.IvyPlugin,sbt.plugins.JvmPlugin,sbt.plugins.MiniDependencyTreePlugin,sbt.plugins.JUnitXmlReportPlugin,sbt.plugins.SemanticdbPlugin)
[debug] Plugins.deducer#function took 20.4577 ms
[debug]           Load.resolveProject(global-plugins) took 40.2916ms
[debug]         Load.loadTransitive: finalizeProject(Project(id global-plugins, base: C:\Users\oliveirmic\.sbt\1.0\plugins, plugins: List(<none>))) took 82.1276ms
[debug] [Loading] Done in C:\Users\oliveirmic\.sbt\1.0\plugins, returning: (global-plugins)
[debug]       Load.loadUnit: loadedProjectsRaw took 105.0437ms
[debug]       Load.loadUnit: cleanEvalClasses took 0.1989ms
[debug]     Load.loadUnit(file:/C:/Users/oliveirmic/.sbt/1.0/plugins/, ...) took 199.7239ms
[debug]   Load.apply: load took 409.4115ms
[debug]   Load.apply: resolveProjects took 5.8774ms
[debug]   Load.apply: finalTransforms took 57.4328ms
[debug]   Load.apply: config.delegates took 7.541ms
[debug]   Load.apply: Def.make(settings)... took 335.2884ms
[debug]   Load.apply: structureIndex took 77.7893ms
[debug]   Load.apply: mkStreams took 1.1915ms
[info] loading global plugins from C:\Users\oliveirmic\.sbt\1.0\plugins
[debug] Running task... Cancel: Signal, check cycles: false, forcegc: true
[debug] Load.defaultLoad until apply took 1883.0798ms
[debug]           Load.loadUnit: plugins took 18.6717ms
[debug]           Load.loadUnit: defsScala took 0.0027ms
[debug] [Loading] Scanning directory C:\Desenvolvimento\bireme\ZBMedPrePrints\project
[debug] [Loading] Found non-root projects 
[debug] [Loading] Done in C:\Desenvolvimento\bireme\ZBMedPrePrints\project, returning: ()
[debug] deducing auto plugins based on known facts Set(Atom(sbt.plugins.CorePlugin)) and clauses Clauses(Clause(Atom(sbt.plugins.JvmPlugin),Set(Atom(sbt.plugins.IvyPlugin)))
[debug] Clause(Atom(sbt.ScriptedPlugin),Set(Atom(sbt.plugins.JvmPlugin)))
[debug] Clause(Atom(sbt.plugins.SbtPlugin),Set(Atom(sbt.ScriptedPlugin)))
[debug] Clause(Atom(sbt.plugins.SemanticdbPlugin),Set(Atom(sbt.plugins.JvmPlugin)))
[debug] Clause(Atom(sbt.plugins.JUnitXmlReportPlugin),Set(Atom(sbt.plugins.JvmPlugin)))
[debug] Clause(Atom(sbt.plugins.MiniDependencyTreePlugin),Set(Atom(sbt.plugins.JvmPlugin)))
[debug] Clause(Atom(sbt.plugins.CorePlugin),Set(Atom(sbt.plugins.IvyPlugin)))
[debug] Clause(Atom(sbt.plugins.IvyPlugin),Set(Atom(sbt.plugins.JvmPlugin)))
[debug] Clause(Atom(sbt.plugins.JvmPlugin),Set(Atom(sbt.plugins.SemanticdbPlugin)))
[debug] Clause(Atom(sbt.plugins.JvmPlugin),Set(Atom(sbt.plugins.JUnitXmlReportPlugin)))
[debug] Clause(Atom(sbt.plugins.CorePlugin),Set(Atom(sbt.plugins.Giter8TemplatePlugin)))
[debug] Clause(Atom(sbt.plugins.JvmPlugin),Set(Atom(sbt.plugins.MiniDependencyTreePlugin))))
[debug]   :: deduced result: Matched(sbt.plugins.CorePlugin,sbt.plugins.Giter8TemplatePlugin,sbt.plugins.IvyPlugin,sbt.plugins.JvmPlugin,sbt.plugins.MiniDependencyTreePlugin,sbt.plugins.JUnitXmlReportPlugin,sbt.plugins.SemanticdbPlugin)
[debug] Plugins.deducer#function took 1.3879 ms
[debug]               Load.resolveProject(zbmedpreprints-build) took 0.9233ms
[debug]             Load.loadTransitive: finalizeProject(Project(id zbmedpreprints-build, base: C:\Desenvolvimento\bireme\ZBMedPrePrints\project, plugins: List(<none>))) took 2.6625ms
[debug] [Loading] Done in C:\Desenvolvimento\bireme\ZBMedPrePrints\project, returning: (zbmedpreprints-build)
[debug]           Load.loadUnit: loadedProjectsRaw took 4.3784ms
[debug]           Load.loadUnit: cleanEvalClasses took 0.0086ms
[debug]         Load.loadUnit(file:/C:/Desenvolvimento/bireme/ZBMedPrePrints/project/, ...) took 23.6494ms
[debug]       Load.apply: load took 24.6795ms
[debug]       Load.apply: resolveProjects took 0.0895ms
[debug]       Load.apply: finalTransforms took 7.3984ms
[debug]       Load.apply: config.delegates took 0.3812ms
[debug]       Load.apply: Def.make(settings)... took 50.6214ms
[debug]       Load.apply: structureIndex took 21.5917ms
[debug]       Load.apply: mkStreams took 0.0016ms
[info] loading project definition from C:\Desenvolvimento\bireme\ZBMedPrePrints\project
[debug] Running task... Cancel: Signal, check cycles: false, forcegc: true
[debug]     Load.loadUnit: plugins took 284.5004ms
[debug]     Load.loadUnit: defsScala took 0.003ms
[debug] [Loading] Scanning directory C:\Desenvolvimento\bireme\ZBMedPrePrints
[debug]       Load.loadUnit: mkEval took 4.0007ms
[debug] [Loading] Found root project root w/ remaining 
[debug] deducing auto plugins based on known facts Set(Atom(sbt.plugins.CorePlugin)) and clauses Clauses(Clause(Atom(sbt.plugins.JvmPlugin),Set(Atom(sbt.plugins.IvyPlugin)))
[debug] Clause(Atom(sbt.ScriptedPlugin),Set(Atom(sbt.plugins.JvmPlugin)))
[debug] Clause(Atom(sbt.plugins.SbtPlugin),Set(Atom(sbt.ScriptedPlugin)))
[debug] Clause(Atom(sbt.plugins.SemanticdbPlugin),Set(Atom(sbt.plugins.JvmPlugin)))
[debug] Clause(Atom(sbt.plugins.JUnitXmlReportPlugin),Set(Atom(sbt.plugins.JvmPlugin)))
[debug] Clause(Atom(sbt.plugins.MiniDependencyTreePlugin),Set(Atom(sbt.plugins.JvmPlugin)))
[debug] Clause(Atom(sbt.plugins.CorePlugin),Set(Atom(sbt.plugins.IvyPlugin)))
[debug] Clause(Atom(sbt.plugins.IvyPlugin),Set(Atom(sbt.plugins.JvmPlugin)))
[debug] Clause(Atom(sbt.plugins.JvmPlugin),Set(Atom(sbt.plugins.SemanticdbPlugin)))
[debug] Clause(Atom(sbt.plugins.JvmPlugin),Set(Atom(sbt.plugins.JUnitXmlReportPlugin)))
[debug] Clause(Atom(sbt.plugins.CorePlugin),Set(Atom(sbt.plugins.Giter8TemplatePlugin)))
[debug] Clause(Atom(sbt.plugins.JvmPlugin),Set(Atom(sbt.plugins.MiniDependencyTreePlugin))))
[debug]   :: deduced result: Matched(sbt.plugins.CorePlugin,sbt.plugins.Giter8TemplatePlugin,sbt.plugins.IvyPlugin,sbt.plugins.JvmPlugin,sbt.plugins.MiniDependencyTreePlugin,sbt.plugins.JUnitXmlReportPlugin,sbt.plugins.SemanticdbPlugin)
[debug] Plugins.deducer#function took 1.1001 ms
[info] loading settings for project root from build.sbt ...
[debug]         Load.resolveProject(root) took 1.8626ms
[debug]       Load.loadTransitive: finalizeProject(Project(id root, base: C:\Desenvolvimento\bireme\ZBMedPrePrints, plugins: List(<none>))) took 3.7923ms
[debug] [Loading] Done in C:\Desenvolvimento\bireme\ZBMedPrePrints, returning: (root)
[debug]     Load.loadUnit: loadedProjectsRaw took 148.933ms
[debug]     Load.loadUnit: cleanEvalClasses took 7.5049ms
[debug]   Load.loadUnit(file:/C:/Desenvolvimento/bireme/ZBMedPrePrints/, ...) took 441.6415ms
[debug] Load.apply: load took 442.9021ms
[debug] Load.apply: resolveProjects took 0.121ms
[debug] Load.apply: finalTransforms took 6.1612ms
[debug] Load.apply: config.delegates took 0.2828ms
[debug] Load.apply: Def.make(settings)... took 40.5908ms
[debug] Load.apply: structureIndex took 22.8613ms
[debug] Load.apply: mkStreams took 0.0016ms
[info] set current project to ZBMedPrePrints (in build file:/C:/Desenvolvimento/bireme/ZBMedPrePrints/)
[debug] > Exec(sbtPopOnFailure, None, None)
[debug] > Exec(resumeFromFailure, None, None)
[debug] > Exec(notifyUsersAboutShell, None, None)
[debug] > Exec(iflast shell, None, None)
[debug] > Exec(runMain org.bireme.processing.transform.ZBMedMongo2XML -xmlout=/C:/home/bases/ppzbmed_regional.xml -databaseRead=ZBMEDPPRINTT -collectionRead=preprintsfullT -hostRead=localhost, None, None)
[debug] Evaluating tasks: Compile / runMain
[debug] Running task... Cancel: Signal, check cycles: false, forcegc: true
