[debug] > Exec(early(addDefaultCommands), None, None)
[debug] > Exec(addDefaultCommands, None, None)
[debug] > Exec(early(initialize), None, None)
[debug] > Exec(initialize, None, None)
[debug] > Exec(boot, None, None)
[debug] > Exec(writeSbtVersion, None, None)
[debug] > Exec(reload, None, None)
[debug] > Exec(sbtStashOnFailure, None, None)
[debug] > Exec(onFailure loadFailed, None, None)
[debug] > Exec(loadp, None, None)
[info] welcome to sbt 1.8.0 (Oracle Corporation Java 20.0.1)
[debug]       Load.loadUnit: plugins took 80.0886ms
[debug]       Load.loadUnit: defsScala took 0.2648ms
[debug] [Loading] Scanning directory C:\Users\oliveirmic\.sbt\1.0\plugins
[debug] [Loading] Found non-root projects 
[debug] [Loading] Done in C:\Users\oliveirmic\.sbt\1.0\plugins, returning: ()
[debug] deducing auto plugins based on known facts Set(Atom(sbt.plugins.CorePlugin)) and clauses Clauses(Clause(Atom(sbt.plugins.JvmPlugin),Set(Atom(sbt.plugins.IvyPlugin)))
[debug] Clause(Atom(sbt.ScriptedPlugin),Set(Atom(sbt.plugins.JvmPlugin)))
[debug] Clause(Atom(sbt.plugins.SbtPlugin),Set(Atom(sbt.ScriptedPlugin)))
[debug] Clause(Atom(sbt.plugins.SemanticdbPlugin),Set(Atom(sbt.plugins.JvmPlugin)))
[debug] Clause(Atom(sbt.plugins.JUnitXmlReportPlugin),Set(Atom(sbt.plugins.JvmPlugin)))
[debug] Clause(Atom(sbt.plugins.MiniDependencyTreePlugin),Set(Atom(sbt.plugins.JvmPlugin)))
[debug] Clause(Atom(sbt.plugins.CorePlugin),Set(Atom(sbt.plugins.IvyPlugin)))
[debug] Clause(Atom(sbt.plugins.IvyPlugin),Set(Atom(sbt.plugins.JvmPlugin)))
[debug] Clause(Atom(sbt.plugins.JvmPlugin),Set(Atom(sbt.plugins.SemanticdbPlugin)))
[debug] Clause(Atom(sbt.plugins.JvmPlugin),Set(Atom(sbt.plugins.JUnitXmlReportPlugin)))
[debug] Clause(Atom(sbt.plugins.CorePlugin),Set(Atom(sbt.plugins.Giter8TemplatePlugin)))
[debug] Clause(Atom(sbt.plugins.JvmPlugin),Set(Atom(sbt.plugins.MiniDependencyTreePlugin))))
[debug]   :: deduced result: Matched(sbt.plugins.CorePlugin,sbt.plugins.Giter8TemplatePlugin,sbt.plugins.IvyPlugin,sbt.plugins.JvmPlugin,sbt.plugins.MiniDependencyTreePlugin,sbt.plugins.JUnitXmlReportPlugin,sbt.plugins.SemanticdbPlugin)
[debug] Plugins.deducer#function took 18.0872 ms
[debug]           Load.resolveProject(global-plugins) took 40.9356ms
[debug]         Load.loadTransitive: finalizeProject(Project(id global-plugins, base: C:\Users\oliveirmic\.sbt\1.0\plugins, plugins: List(<none>))) took 82.2582ms
[debug] [Loading] Done in C:\Users\oliveirmic\.sbt\1.0\plugins, returning: (global-plugins)
[debug]       Load.loadUnit: loadedProjectsRaw took 106.8151ms
[debug]       Load.loadUnit: cleanEvalClasses took 0.1921ms
[debug]     Load.loadUnit(file:/C:/Users/oliveirmic/.sbt/1.0/plugins/, ...) took 199.7956ms
[debug]   Load.apply: load took 361.055ms
[debug]   Load.apply: resolveProjects took 6.6553ms
[debug]   Load.apply: finalTransforms took 54.0931ms
[debug]   Load.apply: config.delegates took 6.9829ms
[debug]   Load.apply: Def.make(settings)... took 312.0105ms
[debug]   Load.apply: structureIndex took 76.518ms
[debug]   Load.apply: mkStreams took 1.1005ms
[info] loading global plugins from C:\Users\oliveirmic\.sbt\1.0\plugins
[debug] Running task... Cancel: Signal, check cycles: false, forcegc: true
[debug] Load.defaultLoad until apply took 1852.1758ms
[debug]           Load.loadUnit: plugins took 18.7533ms
[debug]           Load.loadUnit: defsScala took 0.0025ms
[debug] [Loading] Scanning directory C:\Desenvolvimento\bireme\ZBMedPrePrints\project
[debug] [Loading] Found non-root projects 
[debug] [Loading] Done in C:\Desenvolvimento\bireme\ZBMedPrePrints\project, returning: ()
[debug] deducing auto plugins based on known facts Set(Atom(sbt.plugins.CorePlugin)) and clauses Clauses(Clause(Atom(sbt.plugins.JvmPlugin),Set(Atom(sbt.plugins.IvyPlugin)))
[debug] Clause(Atom(sbt.ScriptedPlugin),Set(Atom(sbt.plugins.JvmPlugin)))
[debug] Clause(Atom(sbt.plugins.SbtPlugin),Set(Atom(sbt.ScriptedPlugin)))
[debug] Clause(Atom(sbt.plugins.SemanticdbPlugin),Set(Atom(sbt.plugins.JvmPlugin)))
[debug] Clause(Atom(sbt.plugins.JUnitXmlReportPlugin),Set(Atom(sbt.plugins.JvmPlugin)))
[debug] Clause(Atom(sbt.plugins.MiniDependencyTreePlugin),Set(Atom(sbt.plugins.JvmPlugin)))
[debug] Clause(Atom(sbt.plugins.CorePlugin),Set(Atom(sbt.plugins.IvyPlugin)))
[debug] Clause(Atom(sbt.plugins.IvyPlugin),Set(Atom(sbt.plugins.JvmPlugin)))
[debug] Clause(Atom(sbt.plugins.JvmPlugin),Set(Atom(sbt.plugins.SemanticdbPlugin)))
[debug] Clause(Atom(sbt.plugins.JvmPlugin),Set(Atom(sbt.plugins.JUnitXmlReportPlugin)))
[debug] Clause(Atom(sbt.plugins.CorePlugin),Set(Atom(sbt.plugins.Giter8TemplatePlugin)))
[debug] Clause(Atom(sbt.plugins.JvmPlugin),Set(Atom(sbt.plugins.MiniDependencyTreePlugin))))
[debug]   :: deduced result: Matched(sbt.plugins.CorePlugin,sbt.plugins.Giter8TemplatePlugin,sbt.plugins.IvyPlugin,sbt.plugins.JvmPlugin,sbt.plugins.MiniDependencyTreePlugin,sbt.plugins.JUnitXmlReportPlugin,sbt.plugins.SemanticdbPlugin)
[debug] Plugins.deducer#function took 1.4877 ms
[debug]               Load.resolveProject(zbmedpreprints-build) took 0.9325ms
[debug]             Load.loadTransitive: finalizeProject(Project(id zbmedpreprints-build, base: C:\Desenvolvimento\bireme\ZBMedPrePrints\project, plugins: List(<none>))) took 2.8747ms
[debug] [Loading] Done in C:\Desenvolvimento\bireme\ZBMedPrePrints\project, returning: (zbmedpreprints-build)
[debug]           Load.loadUnit: loadedProjectsRaw took 4.6185ms
[debug]           Load.loadUnit: cleanEvalClasses took 0.01ms
[debug]         Load.loadUnit(file:/C:/Desenvolvimento/bireme/ZBMedPrePrints/project/, ...) took 24.0334ms
[debug]       Load.apply: load took 25.1265ms
[debug]       Load.apply: resolveProjects took 0.0852ms
[debug]       Load.apply: finalTransforms took 7.8139ms
[debug]       Load.apply: config.delegates took 0.2908ms
[debug]       Load.apply: Def.make(settings)... took 50.7797ms
[debug]       Load.apply: structureIndex took 27.0782ms
[debug]       Load.apply: mkStreams took 0.0027ms
[info] loading project definition from C:\Desenvolvimento\bireme\ZBMedPrePrints\project
[debug] Running task... Cancel: Signal, check cycles: false, forcegc: true
[debug]     Load.loadUnit: plugins took 318.5148ms
[debug]     Load.loadUnit: defsScala took 0.0035ms
[debug] [Loading] Scanning directory C:\Desenvolvimento\bireme\ZBMedPrePrints
[debug]       Load.loadUnit: mkEval took 3.6251ms
[debug] [Loading] Found root project root w/ remaining 
[debug] deducing auto plugins based on known facts Set(Atom(sbt.plugins.CorePlugin)) and clauses Clauses(Clause(Atom(sbt.plugins.JvmPlugin),Set(Atom(sbt.plugins.IvyPlugin)))
[debug] Clause(Atom(sbt.ScriptedPlugin),Set(Atom(sbt.plugins.JvmPlugin)))
[debug] Clause(Atom(sbt.plugins.SbtPlugin),Set(Atom(sbt.ScriptedPlugin)))
[debug] Clause(Atom(sbt.plugins.SemanticdbPlugin),Set(Atom(sbt.plugins.JvmPlugin)))
[debug] Clause(Atom(sbt.plugins.JUnitXmlReportPlugin),Set(Atom(sbt.plugins.JvmPlugin)))
[debug] Clause(Atom(sbt.plugins.MiniDependencyTreePlugin),Set(Atom(sbt.plugins.JvmPlugin)))
[debug] Clause(Atom(sbt.plugins.CorePlugin),Set(Atom(sbt.plugins.IvyPlugin)))
[debug] Clause(Atom(sbt.plugins.IvyPlugin),Set(Atom(sbt.plugins.JvmPlugin)))
[debug] Clause(Atom(sbt.plugins.JvmPlugin),Set(Atom(sbt.plugins.SemanticdbPlugin)))
[debug] Clause(Atom(sbt.plugins.JvmPlugin),Set(Atom(sbt.plugins.JUnitXmlReportPlugin)))
[debug] Clause(Atom(sbt.plugins.CorePlugin),Set(Atom(sbt.plugins.Giter8TemplatePlugin)))
[debug] Clause(Atom(sbt.plugins.JvmPlugin),Set(Atom(sbt.plugins.MiniDependencyTreePlugin))))
[debug]   :: deduced result: Matched(sbt.plugins.CorePlugin,sbt.plugins.Giter8TemplatePlugin,sbt.plugins.IvyPlugin,sbt.plugins.JvmPlugin,sbt.plugins.MiniDependencyTreePlugin,sbt.plugins.JUnitXmlReportPlugin,sbt.plugins.SemanticdbPlugin)
[debug] Plugins.deducer#function took 1.7071 ms
[info] loading settings for project root from build.sbt ...
[debug]         Load.resolveProject(root) took 2.213ms
[debug]       Load.loadTransitive: finalizeProject(Project(id root, base: C:\Desenvolvimento\bireme\ZBMedPrePrints, plugins: List(<none>))) took 4.8773ms
[debug] [Loading] Done in C:\Desenvolvimento\bireme\ZBMedPrePrints, returning: (root)
[debug]     Load.loadUnit: loadedProjectsRaw took 155.9284ms
[debug]     Load.loadUnit: cleanEvalClasses took 8.4628ms
[debug]   Load.loadUnit(file:/C:/Desenvolvimento/bireme/ZBMedPrePrints/, ...) took 483.5834ms
[debug] Load.apply: load took 484.8529ms
[debug] Load.apply: resolveProjects took 0.2186ms
[debug] Load.apply: finalTransforms took 6.9598ms
[debug] Load.apply: config.delegates took 0.5114ms
[debug] Load.apply: Def.make(settings)... took 45.5162ms
[debug] Load.apply: structureIndex took 24.6575ms
[debug] Load.apply: mkStreams took 0.0017ms
[info] set current project to ZBMedPrePrints (in build file:/C:/Desenvolvimento/bireme/ZBMedPrePrints/)
[debug] > Exec(sbtPopOnFailure, None, None)
[debug] > Exec(resumeFromFailure, None, None)
[debug] > Exec(notifyUsersAboutShell, None, None)
[debug] > Exec(iflast shell, None, None)
[debug] > Exec(runMain org.bireme.processing.transform.ZBMedMongo2XML -xmlout=/C:/home/bases/ppzbmed_regional.xml -databaseRead=ZBMEDPPRINTT -collectionRead=preprintsfullT -hostRead=localhost, None, None)
[debug] Evaluating tasks: Compile / runMain
[debug] Running task... Cancel: Signal, check cycles: false, forcegc: true
