[debug] > Exec(early(addDefaultCommands), None, None)
[debug] > Exec(addDefaultCommands, None, None)
[debug] > Exec(early(initialize), None, None)
[debug] > Exec(initialize, None, None)
[debug] > Exec(boot, None, None)
[debug] > Exec(writeSbtVersion, None, None)
[debug] > Exec(reload, None, None)
[debug] > Exec(sbtStashOnFailure, None, None)
[debug] > Exec(onFailure loadFailed, None, None)
[debug] > Exec(loadp, None, None)
[info] welcome to sbt 1.8.0 (Oracle Corporation Java 20.0.1)
[debug]       Load.loadUnit: plugins took 80.4078ms
[debug]       Load.loadUnit: defsScala took 0.4051ms
[debug] [Loading] Scanning directory C:\Users\oliveirmic\.sbt\1.0\plugins
[debug] [Loading] Found non-root projects 
[debug] [Loading] Done in C:\Users\oliveirmic\.sbt\1.0\plugins, returning: ()
[debug] deducing auto plugins based on known facts Set(Atom(sbt.plugins.CorePlugin)) and clauses Clauses(Clause(Atom(sbt.plugins.JvmPlugin),Set(Atom(sbt.plugins.IvyPlugin)))
[debug] Clause(Atom(sbt.ScriptedPlugin),Set(Atom(sbt.plugins.JvmPlugin)))
[debug] Clause(Atom(sbt.plugins.SbtPlugin),Set(Atom(sbt.ScriptedPlugin)))
[debug] Clause(Atom(sbt.plugins.SemanticdbPlugin),Set(Atom(sbt.plugins.JvmPlugin)))
[debug] Clause(Atom(sbt.plugins.JUnitXmlReportPlugin),Set(Atom(sbt.plugins.JvmPlugin)))
[debug] Clause(Atom(sbt.plugins.MiniDependencyTreePlugin),Set(Atom(sbt.plugins.JvmPlugin)))
[debug] Clause(Atom(sbt.plugins.CorePlugin),Set(Atom(sbt.plugins.IvyPlugin)))
[debug] Clause(Atom(sbt.plugins.IvyPlugin),Set(Atom(sbt.plugins.JvmPlugin)))
[debug] Clause(Atom(sbt.plugins.JvmPlugin),Set(Atom(sbt.plugins.SemanticdbPlugin)))
[debug] Clause(Atom(sbt.plugins.JvmPlugin),Set(Atom(sbt.plugins.JUnitXmlReportPlugin)))
[debug] Clause(Atom(sbt.plugins.CorePlugin),Set(Atom(sbt.plugins.Giter8TemplatePlugin)))
[debug] Clause(Atom(sbt.plugins.JvmPlugin),Set(Atom(sbt.plugins.MiniDependencyTreePlugin))))
[debug]   :: deduced result: Matched(sbt.plugins.CorePlugin,sbt.plugins.Giter8TemplatePlugin,sbt.plugins.IvyPlugin,sbt.plugins.JvmPlugin,sbt.plugins.MiniDependencyTreePlugin,sbt.plugins.JUnitXmlReportPlugin,sbt.plugins.SemanticdbPlugin)
[debug] Plugins.deducer#function took 16.2251 ms
[debug]           Load.resolveProject(global-plugins) took 41.7308ms
[debug]         Load.loadTransitive: finalizeProject(Project(id global-plugins, base: C:\Users\oliveirmic\.sbt\1.0\plugins, plugins: List(<none>))) took 84.1395ms
[debug] [Loading] Done in C:\Users\oliveirmic\.sbt\1.0\plugins, returning: (global-plugins)
[debug]       Load.loadUnit: loadedProjectsRaw took 109.2268ms
[debug]       Load.loadUnit: cleanEvalClasses took 0.2012ms
[debug]     Load.loadUnit(file:/C:/Users/oliveirmic/.sbt/1.0/plugins/, ...) took 202.1258ms
[debug]   Load.apply: load took 372.6884ms
[debug]   Load.apply: resolveProjects took 8.9084ms
[debug]   Load.apply: finalTransforms took 51.4034ms
[debug]   Load.apply: config.delegates took 8.3252ms
[debug]   Load.apply: Def.make(settings)... took 311.2586ms
[debug]   Load.apply: structureIndex took 78.196ms
[debug]   Load.apply: mkStreams took 1.2125ms
[info] loading global plugins from C:\Users\oliveirmic\.sbt\1.0\plugins
[debug] Running task... Cancel: Signal, check cycles: false, forcegc: true
[debug] Load.defaultLoad until apply took 1780.1536ms
[debug]           Load.loadUnit: plugins took 19.4275ms
[debug]           Load.loadUnit: defsScala took 0.0031ms
[debug] [Loading] Scanning directory C:\Desenvolvimento\bireme\ZBMedPrePrints\project
[debug] [Loading] Found non-root projects 
[debug] [Loading] Done in C:\Desenvolvimento\bireme\ZBMedPrePrints\project, returning: ()
[debug] deducing auto plugins based on known facts Set(Atom(sbt.plugins.CorePlugin)) and clauses Clauses(Clause(Atom(sbt.plugins.JvmPlugin),Set(Atom(sbt.plugins.IvyPlugin)))
[debug] Clause(Atom(sbt.ScriptedPlugin),Set(Atom(sbt.plugins.JvmPlugin)))
[debug] Clause(Atom(sbt.plugins.SbtPlugin),Set(Atom(sbt.ScriptedPlugin)))
[debug] Clause(Atom(sbt.plugins.SemanticdbPlugin),Set(Atom(sbt.plugins.JvmPlugin)))
[debug] Clause(Atom(sbt.plugins.JUnitXmlReportPlugin),Set(Atom(sbt.plugins.JvmPlugin)))
[debug] Clause(Atom(sbt.plugins.MiniDependencyTreePlugin),Set(Atom(sbt.plugins.JvmPlugin)))
[debug] Clause(Atom(sbt.plugins.CorePlugin),Set(Atom(sbt.plugins.IvyPlugin)))
[debug] Clause(Atom(sbt.plugins.IvyPlugin),Set(Atom(sbt.plugins.JvmPlugin)))
[debug] Clause(Atom(sbt.plugins.JvmPlugin),Set(Atom(sbt.plugins.SemanticdbPlugin)))
[debug] Clause(Atom(sbt.plugins.JvmPlugin),Set(Atom(sbt.plugins.JUnitXmlReportPlugin)))
[debug] Clause(Atom(sbt.plugins.CorePlugin),Set(Atom(sbt.plugins.Giter8TemplatePlugin)))
[debug] Clause(Atom(sbt.plugins.JvmPlugin),Set(Atom(sbt.plugins.MiniDependencyTreePlugin))))
[debug]   :: deduced result: Matched(sbt.plugins.CorePlugin,sbt.plugins.Giter8TemplatePlugin,sbt.plugins.IvyPlugin,sbt.plugins.JvmPlugin,sbt.plugins.MiniDependencyTreePlugin,sbt.plugins.JUnitXmlReportPlugin,sbt.plugins.SemanticdbPlugin)
[debug] Plugins.deducer#function took 1.5074 ms
[debug]               Load.resolveProject(zbmedpreprints-build) took 0.8787ms
[debug]             Load.loadTransitive: finalizeProject(Project(id zbmedpreprints-build, base: C:\Desenvolvimento\bireme\ZBMedPrePrints\project, plugins: List(<none>))) took 3.025ms
[debug] [Loading] Done in C:\Desenvolvimento\bireme\ZBMedPrePrints\project, returning: (zbmedpreprints-build)
[debug]           Load.loadUnit: loadedProjectsRaw took 4.5673ms
[debug]           Load.loadUnit: cleanEvalClasses took 0.0079ms
[debug]         Load.loadUnit(file:/C:/Desenvolvimento/bireme/ZBMedPrePrints/project/, ...) took 24.615ms
[debug]       Load.apply: load took 25.7135ms
[debug]       Load.apply: resolveProjects took 0.0866ms
[debug]       Load.apply: finalTransforms took 7.1554ms
[debug]       Load.apply: config.delegates took 0.3025ms
[debug]       Load.apply: Def.make(settings)... took 56.2521ms
[debug]       Load.apply: structureIndex took 24.0837ms
[debug]       Load.apply: mkStreams took 0.0019ms
[info] loading project definition from C:\Desenvolvimento\bireme\ZBMedPrePrints\project
[debug] Running task... Cancel: Signal, check cycles: false, forcegc: true
[debug]     Load.loadUnit: plugins took 333.6528ms
[debug]     Load.loadUnit: defsScala took 0.002ms
[debug] [Loading] Scanning directory C:\Desenvolvimento\bireme\ZBMedPrePrints
[debug]       Load.loadUnit: mkEval took 3.4943ms
[debug] [Loading] Found root project root w/ remaining 
[debug] deducing auto plugins based on known facts Set(Atom(sbt.plugins.CorePlugin)) and clauses Clauses(Clause(Atom(sbt.plugins.JvmPlugin),Set(Atom(sbt.plugins.IvyPlugin)))
[debug] Clause(Atom(sbt.ScriptedPlugin),Set(Atom(sbt.plugins.JvmPlugin)))
[debug] Clause(Atom(sbt.plugins.SbtPlugin),Set(Atom(sbt.ScriptedPlugin)))
[debug] Clause(Atom(sbt.plugins.SemanticdbPlugin),Set(Atom(sbt.plugins.JvmPlugin)))
[debug] Clause(Atom(sbt.plugins.JUnitXmlReportPlugin),Set(Atom(sbt.plugins.JvmPlugin)))
[debug] Clause(Atom(sbt.plugins.MiniDependencyTreePlugin),Set(Atom(sbt.plugins.JvmPlugin)))
[debug] Clause(Atom(sbt.plugins.CorePlugin),Set(Atom(sbt.plugins.IvyPlugin)))
[debug] Clause(Atom(sbt.plugins.IvyPlugin),Set(Atom(sbt.plugins.JvmPlugin)))
[debug] Clause(Atom(sbt.plugins.JvmPlugin),Set(Atom(sbt.plugins.SemanticdbPlugin)))
[debug] Clause(Atom(sbt.plugins.JvmPlugin),Set(Atom(sbt.plugins.JUnitXmlReportPlugin)))
[debug] Clause(Atom(sbt.plugins.CorePlugin),Set(Atom(sbt.plugins.Giter8TemplatePlugin)))
[debug] Clause(Atom(sbt.plugins.JvmPlugin),Set(Atom(sbt.plugins.MiniDependencyTreePlugin))))
[debug]   :: deduced result: Matched(sbt.plugins.CorePlugin,sbt.plugins.Giter8TemplatePlugin,sbt.plugins.IvyPlugin,sbt.plugins.JvmPlugin,sbt.plugins.MiniDependencyTreePlugin,sbt.plugins.JUnitXmlReportPlugin,sbt.plugins.SemanticdbPlugin)
[debug] Plugins.deducer#function took 1.2026 ms
[info] loading settings for project root from build.sbt ...
[debug]         Load.resolveProject(root) took 1.926ms
[debug]       Load.loadTransitive: finalizeProject(Project(id root, base: C:\Desenvolvimento\bireme\ZBMedPrePrints, plugins: List(<none>))) took 3.9182ms
[debug] [Loading] Done in C:\Desenvolvimento\bireme\ZBMedPrePrints, returning: (root)
[debug]     Load.loadUnit: loadedProjectsRaw took 158.0886ms
[debug]     Load.loadUnit: cleanEvalClasses took 8.5304ms
[debug]   Load.loadUnit(file:/C:/Desenvolvimento/bireme/ZBMedPrePrints/, ...) took 500.9168ms
[debug] Load.apply: load took 502.1442ms
[debug] Load.apply: resolveProjects took 0.0943ms
[debug] Load.apply: finalTransforms took 9.2793ms
[debug] Load.apply: config.delegates took 0.2925ms
[debug] Load.apply: Def.make(settings)... took 41.0838ms
[debug] Load.apply: structureIndex took 21.1134ms
[debug] Load.apply: mkStreams took 0.002ms
[info] set current project to ZBMedPrePrints (in build file:/C:/Desenvolvimento/bireme/ZBMedPrePrints/)
[debug] > Exec(sbtPopOnFailure, None, None)
[debug] > Exec(resumeFromFailure, None, None)
[debug] > Exec(notifyUsersAboutShell, None, None)
[debug] > Exec(iflast shell, None, None)
[debug] > Exec(runMain org.bireme.processing.extractLoad.ZBMedPre2Mongo -database:ZBMEDPPRINTT -collection:preprintsfullT --reset -fromDate:2023-08-15 -host:localhost --importByMonth, None, None)
[debug] Evaluating tasks: Compile / runMain
[debug] Running task... Cancel: Signal, check cycles: false, forcegc: true
[info] compiling 1 Scala source to C:\Desenvolvimento\bireme\ZBMedPrePrints\target\scala-2.13\classes ...
[info] done compiling
